<?xml version="1.0" encoding="UTF-8"?>
<!-- Generated by org.testng.reporters.JUnitXMLReporter -->
<testsuite hostname="ip-172-31-21-84" ignored="0" name="Test" tests="8" failures="0" timestamp="2021-12-11T15:23:59 UTC" time="106.272" errors="0">
  <testcase name="AdminLoginTest" time="40.122" classname="LoginpageTsuites.AdminLoginTest"/>
  <testcase name="Login" time="29.067" classname="LoginpageTsuites.UserLoginTest"/>
  <testcase name="validateHome_Pg" time="3.093" classname="LoginpageTsuites.pageObjectTest"/>
  <testcase name="validateContactPg" time="3.184" classname="LoginpageTsuites.pageObjectTest"/>
  <testcase name="validateAboutPg" time="4.152" classname="LoginpageTsuites.pageObjectTest"/>
  <testcase name="validateLoginPg" time="4.295" classname="LoginpageTsuites.pageObjectTest"/>
  <testcase name="validateSignupPg" time="6.338" classname="LoginpageTsuites.pageObjectTest"/>
  <testcase name="validateProductPg" time="6.348" classname="LoginpageTsuites.pageObjectTest"/>
</testsuite> <!-- Test -->
